#
# There is insufficient memory for the Java Runtime Environment to continue.
# Native memory allocation (mmap) failed to map 100663296 bytes for Failed to commit area from 0x00000000a0e00000 to 0x00000000a6e00000 of length 100663296.
# Possible reasons:
#   The system is out of physical RAM or swap space
#   The process is running with CompressedOops enabled, and the Java Heap may be blocking the growth of the native heap
# Possible solutions:
#   Reduce memory load on the system
#   Increase physical memory or swap space
#   Check if swap backing store is full
#   Decrease Java heap size (-Xmx/-Xms)
#   Decrease number of Java threads
#   Decrease Java thread stack sizes (-Xss)
#   Set larger code cache with -XX:ReservedCodeCacheSize=
# This output file may be truncated or incomplete.
#
#  Out of Memory Error (t:/workspace/open/src/hotspot/os/windows/os_windows.cpp:3301), pid=21676, tid=28456
#
# JRE version:  (13.0.2+8) (build )
# Java VM: Java HotSpot(TM) 64-Bit Server VM (13.0.2+8, mixed mode, aot, sharing, tiered, compressed oops, g1 gc, windows-amd64)
# No core dump will be written. Minidumps are not enabled by default on client versions of Windows
#

---------------  S U M M A R Y ------------

Command Line: -Dfile.encoding=UTF-8 sample05.HelloSpring

Host: AMD Ryzen 5 3500U with Radeon Vega Mobile Gfx  , 8 cores, 5G,  Windows 10 , 64 bit Build 18362 (10.0.18362.900)
Time: Sat Jul 11 11:53:44 2020 ¢¥eCN©öI¡¾©ö C¡ÍA¨ª¨öA elapsed time: 0 seconds (0d 0h 0m 0s)

---------------  T H R E A D  ---------------

Current thread (0x0000024d3ce7b800):  JavaThread "Unknown thread" [_thread_in_vm, id=28456, stack(0x000000512ac00000,0x000000512ad00000)]

Stack: [0x000000512ac00000,0x000000512ad00000]
Native frames: (J=compiled Java code, j=interpreted, Vv=VM code, C=native code)
V  [jvm.dll+0x624f9a]
V  [jvm.dll+0x770cfa]
V  [jvm.dll+0x7724af]
V  [jvm.dll+0x772ab3]
V  [jvm.dll+0x24bf08]
V  [jvm.dll+0x6222aa]
V  [jvm.dll+0x6170b5]
V  [jvm.dll+0x30a88c]
V  [jvm.dll+0x30a6c2]
V  [jvm.dll+0x30fe36]
V  [jvm.dll+0x353f46]
V  [jvm.dll+0x353720]
V  [jvm.dll+0x2e550a]
V  [jvm.dll+0x2e67a2]
V  [jvm.dll+0x74dd78]
V  [jvm.dll+0x361989]
V  [jvm.dll+0x730e65]
V  [jvm.dll+0x3cc53f]
V  [jvm.dll+0x3ce861]
C  [jli.dll+0x51ff]
C  [ucrtbase.dll+0x20e82]
C  [KERNEL32.DLL+0x17bd4]
C  [ntdll.dll+0x6ce51]


---------------  P R O C E S S  ---------------

Threads class SMR info:
_java_thread_list=0x00007ffcf210ccb8, length=0, elements={
}

Java Threads: ( => current thread )

Other Threads:
  0x0000024d3ceb6800 GCTaskThread "GC Thread#0" [stack: 0x000000512ad00000,0x000000512ae00000] [id=17608]
  0x0000024d3cec6800 ConcurrentGCThread "G1 Main Marker" [stack: 0x000000512ae00000,0x000000512af00000] [id=28528]
  0x0000024d3cec8000 ConcurrentGCThread "G1 Conc#0" [stack: 0x000000512af00000,0x000000512b000000] [id=1568]

[error occurred during error reporting (printing all threads), id 0xc0000005, EXCEPTION_ACCESS_VIOLATION (0xc0000005) at pc=0x00007ffcf19451d7]

VM state:not at safepoint (not fully initialized)

VM Mutex/Monitor currently owned by a thread:  ([mutex/lock_event])
[0x0000024d3ce78230] Heap_lock - owner thread: 0x0000024d3ce7b800

Heap address: 0x00000000a0e00000, size: 1522 MB, Compressed Oops mode: Non-zero based: 0x00000000a0e00000
Narrow klass base: 0x0000000000000000, Narrow klass shift: 0

GC Heap History (0 events):
No events

Deoptimization events (0 events):
No events

Classes unloaded (0 events):
No events

Classes redefined (0 events):
No events

Internal exceptions (0 events):
No events

Events (8 events):
Event: 0.016 Loaded shared library C:\Program Files\Java\jdk-13.0.2\bin\zip.dll
Event: 0.017 Loaded shared library C:\Program Files\Java\jdk-13.0.2\bin\jimage.dll
Event: 0.020 Loading shared library C:\Program Files\Java\jdk-13.0.2\lib\libjava.base-coop.dll failed, error code 126
Event: 0.021 Loading shared library C:\Program Files\Java\jdk-13.0.2\lib\libjava.logging-coop.dll failed, error code 126
Event: 0.021 Loading shared library C:\Program Files\Java\jdk-13.0.2\lib\libjdk.compiler-coop.dll failed, error code 126
Event: 0.021 Loading shared library C:\Program Files\Java\jdk-13.0.2\lib\libjdk.scripting.nashorn-coop.dll failed, error code 126
Event: 0.022 Loading shared library C:\Program Files\Java\jdk-13.0.2\lib\libjdk.internal.vm.ci-coop.dll failed, error code 126
Event: 0.022 Loading shared library C:\Program Files\Java\jdk-13.0.2\lib\libjdk.internal.vm.compiler-coop.dll failed, error code 126


Dynamic libraries:
0x00007ff76e8c0000 - 0x00007ff76e8cf000 	C:\Program Files\Java\jdk-13.0.2\bin\javaw.exe
0x00007ffd439e0000 - 0x00007ffd43bd0000 	C:\Windows\SYSTEM32\ntdll.dll
0x00007ffd41f50000 - 0x00007ffd42002000 	C:\Windows\System32\KERNEL32.DLL
0x00007ffd41400000 - 0x00007ffd416a4000 	C:\Windows\System32\KERNELBASE.dll
0x00007ffd410f0000 - 0x00007ffd411ea000 	C:\Windows\System32\ucrtbase.dll
0x00007ffd39560000 - 0x00007ffd39575000 	C:\Program Files\Java\jdk-13.0.2\bin\VCRUNTIME140.dll
0x00007ffd36d40000 - 0x00007ffd36d58000 	C:\Program Files\Java\jdk-13.0.2\bin\jli.dll
0x00007ffd41ea0000 - 0x00007ffd41f43000 	C:\Windows\System32\ADVAPI32.dll
0x00007ffd43740000 - 0x00007ffd437de000 	C:\Windows\System32\msvcrt.dll
0x00007ffd42700000 - 0x00007ffd42797000 	C:\Windows\System32\sechost.dll
0x00007ffd41d00000 - 0x00007ffd41e20000 	C:\Windows\System32\RPCRT4.dll
0x00007ffd432d0000 - 0x00007ffd43464000 	C:\Windows\System32\USER32.dll
0x00007ffd419e0000 - 0x00007ffd41a01000 	C:\Windows\System32\win32u.dll
0x00007ffd42c20000 - 0x00007ffd42c46000 	C:\Windows\System32\GDI32.dll
0x00007ffd417f0000 - 0x00007ffd41985000 	C:\Windows\System32\gdi32full.dll
0x00007ffd41340000 - 0x00007ffd413de000 	C:\Windows\System32\msvcp_win.dll
0x00007ffd2f8d0000 - 0x00007ffd2fb54000 	C:\Windows\WinSxS\amd64_microsoft.windows.common-controls_6595b64144ccf1df_6.0.18362.900_none_e6beb9d913147d17\COMCTL32.dll
0x00007ffd42f90000 - 0x00007ffd432c5000 	C:\Windows\System32\combase.dll
0x00007ffd41a10000 - 0x00007ffd41a90000 	C:\Windows\System32\bcryptPrimitives.dll
0x00007ffd39f40000 - 0x00007ffd39f4a000 	C:\Windows\SYSTEM32\VERSION.dll
0x00007ffd42c50000 - 0x00007ffd42c7e000 	C:\Windows\System32\IMM32.DLL
0x00007ffd18300000 - 0x00007ffd1839b000 	C:\Program Files\Java\jdk-13.0.2\bin\msvcp140.dll
0x00007ffcf1650000 - 0x00007ffcf21ad000 	C:\Program Files\Java\jdk-13.0.2\bin\server\jvm.dll
0x00007ffd42c10000 - 0x00007ffd42c18000 	C:\Windows\System32\PSAPI.DLL
0x00007ffd2ab10000 - 0x00007ffd2ab19000 	C:\Windows\SYSTEM32\WSOCK32.dll
0x00007ffd3e3b0000 - 0x00007ffd3e3d4000 	C:\Windows\SYSTEM32\WINMM.dll
0x00007ffd436d0000 - 0x00007ffd4373f000 	C:\Windows\System32\WS2_32.dll
0x00007ffd3e380000 - 0x00007ffd3e3ad000 	C:\Windows\SYSTEM32\winmmbase.dll
0x00007ffd41990000 - 0x00007ffd419da000 	C:\Windows\System32\cfgmgr32.dll
0x00007ffd40950000 - 0x00007ffd40961000 	C:\Windows\System32\kernel.appcore.dll
0x00007ffd3c8f0000 - 0x00007ffd3c900000 	C:\Program Files\Java\jdk-13.0.2\bin\verify.dll
0x00007ffd331d0000 - 0x00007ffd333c4000 	C:\Windows\SYSTEM32\DBGHELP.DLL
0x00007ffd30e00000 - 0x00007ffd30e2a000 	C:\Windows\SYSTEM32\dbgcore.DLL
0x00007ffd1f300000 - 0x00007ffd1f326000 	C:\Program Files\Java\jdk-13.0.2\bin\java.dll
0x00007ffd34040000 - 0x00007ffd34057000 	C:\Program Files\Java\jdk-13.0.2\bin\zip.dll
0x00007ffd3a670000 - 0x00007ffd3a67a000 	C:\Program Files\Java\jdk-13.0.2\bin\jimage.dll

dbghelp: loaded successfully - version: 4.0.5 - missing functions: none
symbol engine: initialized successfully - sym options: 0x614 - pdb path: .;C:\Program Files\Java\jdk-13.0.2\bin;C:\Windows\SYSTEM32;C:\Windows\WinSxS\amd64_microsoft.windows.common-controls_6595b64144ccf1df_6.0.18362.900_none_e6beb9d913147d17;C:\Program Files\Java\jdk-13.0.2\bin\server

VM Arguments:
jvm_args: -Dfile.encoding=UTF-8 
java_command: sample05.HelloSpring
java_class_path (initial): D:\spring\workSTS\chaptor02\bin;D:\spring\workSTS\chaptor02\lib\commons-logging-1.2.jar;D:\spring\workSTS\chaptor02\lib\spring-aop-5.2.0.RELEASE.jar;D:\spring\workSTS\chaptor02\lib\spring-aspects-5.2.0.RELEASE.jar;D:\spring\workSTS\chaptor02\lib\spring-beans-5.2.0.RELEASE.jar;D:\spring\workSTS\chaptor02\lib\spring-context-5.2.0.RELEASE.jar;D:\spring\workSTS\chaptor02\lib\spring-core-5.2.0.RELEASE.jar;D:\spring\workSTS\chaptor02\lib\spring-expression-5.2.0.RELEASE.jar;D:\spring\workSTS\chaptor02\lib\lombok.jar
Launcher Type: SUN_STANDARD

[Global flags]
     intx CICompilerCount                          = 4                                         {product} {ergonomic}
     uint ConcGCThreads                            = 2                                         {product} {ergonomic}
     uint G1ConcRefinementThreads                  = 8                                         {product} {ergonomic}
   size_t G1HeapRegionSize                         = 1048576                                   {product} {ergonomic}
    uintx GCDrainStackTargetSize                   = 64                                        {product} {ergonomic}
   size_t InitialHeapSize                          = 100663296                                 {product} {ergonomic}
   size_t MarkStackSize                            = 4194304                                   {product} {ergonomic}
   size_t MaxHeapSize                              = 1595932672                                {product} {ergonomic}
   size_t MinHeapDeltaBytes                        = 1048576                                   {product} {ergonomic}
   size_t MinHeapSize                              = 8388608                                   {product} {ergonomic}
    uintx NonNMethodCodeHeapSize                   = 5839372                                {pd product} {ergonomic}
    uintx NonProfiledCodeHeapSize                  = 122909434                              {pd product} {ergonomic}
    uintx ProfiledCodeHeapSize                     = 122909434                              {pd product} {ergonomic}
    uintx ReservedCodeCacheSize                    = 251658240                              {pd product} {ergonomic}
     bool SegmentedCodeCache                       = true                                      {product} {ergonomic}
   size_t SoftMaxHeapSize                          = 1595932672                             {manageable} {ergonomic}
     bool UseCompressedClassPointers               = true                                 {lp64_product} {ergonomic}
     bool UseCompressedOops                        = true                                 {lp64_product} {ergonomic}
     bool UseG1GC                                  = true                                      {product} {ergonomic}
     bool UseLargePagesIndividualAllocation        = false                                  {pd product} {ergonomic}

Logging:
Log output configuration:
 #0: stdout all=warning uptime,level,tags
 #1: stderr all=off uptime,level,tags

Environment Variables:
JAVA_HOME=C:\Program Files\Java\jdk-13.0.2
CLASSPATH=.;C:\Tomcat 9.0\lib\servlet-api.jar;
PATH=C:/Program Files/Java/jdk-13.0.2/bin/server;C:/Program Files/Java/jdk-13.0.2/bin;D:\java_ee\app\Orcle\18.0.0\dbhomeXE\bin;C:\Windows\system32;C:\Windows;C:\Windows\System32\Wbem;C:\Windows\System32\WindowsPowerShell\v1.0\;C:\Windows\System32\OpenSSH\;C:\Program Files\Java\jdk-13.0.2\bin;C:\Program Files\Git\cmd;C:\Program Files\nodejs\;C:\Program Files\MySQL\MySQL Shell 8.0\bin\;C:\Users\ohsan\AppData\Local\Microsoft\WindowsApps;C:\Users\ohsan\AppData\Local\atom\bin;C:\Users\ohsan\AppData\Roaming\npm;C:\Users\ohsan\AppData\Local\Programs\Microsoft VS Code\bin;C:\Program Files\Bandizip\;D:\spring\sts-bundle\sts-3.9.13.RELEASE;
USERNAME=ohsan
OS=Windows_NT
PROCESSOR_IDENTIFIER=AMD64 Family 23 Model 24 Stepping 1, AuthenticAMD



---------------  S Y S T E M  ---------------

OS: Windows 10 , 64 bit Build 18362 (10.0.18362.900)

CPU:total 8 (initial active 8) (8 cores per cpu, 2 threads per core) family 23 model 24 stepping 1, cmov, cx8, fxsr, mmx, sse, sse2, sse3, ssse3, sse4.1, sse4.2, popcnt, avx, avx2, aes, clmul, mmxext, 3dnowpref, lzcnt, sse4a, ht, tsc, tscinvbit, tscinv, bmi1, bmi2, adx, sha, fma

Memory: 4k page, system-wide physical 6082M (710M free)
TotalPageFile size 24514M (AvailPageFile size 86M)
current process WorkingSet (physical memory assigned to process): 10M, peak: 10M
current process commit charge ("private bytes"): 60M, peak: 156M

vm_info: Java HotSpot(TM) 64-Bit Server VM (13.0.2+8) for windows-amd64 JRE (13.0.2+8), built on Dec 11 2019 09:20:33 by "mach5one" with unknown MS VC++:1916

END.
